<?xml version="1.0" encoding="UTF-8"?>
<!-- Generated by org.testng.reporters.JUnitReportReporter -->
<testsuite hostname="thripura-PC" name="com.rameshsoft.automation.flipkart.scripts.Facebook_Test" tests="1" failures="0" timestamp="15 Oct 2019 04:32:26 GMT" time="6.761" errors="0">
  <testcase name="facebook_Test" time="6.761" classname="com.rameshsoft.automation.flipkart.scripts.Facebook_Test"/>
</testsuite> <!-- com.rameshsoft.automation.flipkart.scripts.Facebook_Test -->
