<?xml version="1.0" encoding="UTF-8"?>
<!-- Generated by org.testng.reporters.JUnitReportReporter -->
<testsuite hostname="thripura-PC" name="com.rameshsoft.automation.base.PopUpTest" tests="1" failures="0" timestamp="16 Oct 2019 04:23:26 GMT" time="8.307" errors="0">
  <testcase name="main" time="8.307" classname="com.rameshsoft.automation.base.PopUpTest"/>
</testsuite> <!-- com.rameshsoft.automation.base.PopUpTest -->
